=~=~=~=~=~=~=~=~=~=~=~= PuTTY log 2019.02.10 15:54:49 =~=~=~=~=~=~=~=~=~=~=~=
$POV,P,967.7,Q,0.0,E,-0.0,T,21.6*4E
$POV,P,967.8,Q,0.0,E,-0.0,T,21.6*41
$POV,P,967.8,Q,0.0,E,-0.0,T,21.6*41
$POV,P,967.8,Q,0.0,E,-0.0,T,21.6*41
$POV,P,967.8,Q,0.0,E,-0.0,T,21.6*41
$POV,P,967.7,Q,0.0,E,-0.0,T,21.6*4E
$POV,P,967.8,Q,0.0,E,-0.0,T,21.6*41
$POV,P,967.8,Q,0.0,E,-0.0,T,21.6*41
$POV,P,967.8,Q,0.0,E,-0.0,T,21.6*41
$POV,P,967.8,Q,0.0,E,-0.0,T,21.6*41
$POV,P,967.8,Q,0.0,E,-0.0,T,21.6*41
$POV,P,967.8,Q,0.0,E,-0.0,T,21.6*41
$POV,P,967.7,Q,0.0,E,-0.0,T,21.6*4E
$POV,P,967.8,Q,0.0,E,-0.0,T,21.6*41
$POV,P,967.8,Q,0.0,E,-0.0,T,21.6*41
$POV,P,967.8,Q,0.0,E,-0.0,T,21.6*41
$POV,P,967.8,Q,0.0,E,-0.0,T,21.6*41
$POV,P,967.8,Q,0.0,E,0.0,T,21.6*6C
$POV,P,967.8,Q,0.0,E,0.0,T,21.6*6C
$POV,P,967.7,Q,0.0,E,0.0,T,21.6*63
$POV,P,967.8,Q,0.0,E,0.0,T,21.6*6C
$POV,P,967.8,Q,0.0,E,0.0,T,21.6*6C
$POV,P,967.8,Q,0.0,E,0.0,T,21.6*6C
$POV,P,967.8,Q,0.0,E,-0.0,T,21.6*41
$POV,P,967.7,Q,0.0,E,-0.0,T,21.6*4E
